<?xml version="1.0" encoding="UTF-8"?>
<robot generator="Robot 3.2.1 (Python 3.8.3 on win32)" generated="20200715 17:25:47.876" rpa="false">
<suite id="s1" name="TC 002" source="C:\Users\jpelgrim\ci-cd-pipeline\Robot Framework\TestCases\TC_002.robot">
<test id="s1-t1" name="Google Search">
<kw name="Given user is on Google">
<kw name="Open Browser" library="SeleniumLibrary">
<doc>Opens a new browser instance to the optional ``url``.</doc>
<arguments>
<arg>${URL}</arg>
<arg>${Browser}</arg>
</arguments>
<msg timestamp="20200715 17:25:48.815" level="INFO">Opening browser 'chrome' to base url 'https://www.google.com/'.</msg>
<status status="PASS" starttime="20200715 17:25:48.815" endtime="20200715 17:25:53.634"></status>
</kw>
<kw name="Maximize Browser Window" library="SeleniumLibrary">
<doc>Maximizes current browser window.</doc>
<status status="PASS" starttime="20200715 17:25:53.634" endtime="20200715 17:25:55.813"></status>
</kw>
<status status="PASS" starttime="20200715 17:25:48.814" endtime="20200715 17:25:55.814"></status>
</kw>
<kw name="When user clicks on search bar">
<kw name="Wait Until Element Is Visible" library="SeleniumLibrary">
<doc>Waits until the element ``locator`` is visible.</doc>
<arguments>
<arg>xpath://input[@name='q']</arg>
</arguments>
<status status="PASS" starttime="20200715 17:25:55.814" endtime="20200715 17:25:55.906"></status>
</kw>
<kw name="Click Element" library="SeleniumLibrary">
<doc>Click the element identified by ``locator``.</doc>
<arguments>
<arg>xpath://input[@name='q']</arg>
</arguments>
<msg timestamp="20200715 17:25:55.906" level="INFO">Clicking element 'xpath://input[@name='q']'.</msg>
<status status="PASS" starttime="20200715 17:25:55.906" endtime="20200715 17:25:56.095"></status>
</kw>
<status status="PASS" starttime="20200715 17:25:55.814" endtime="20200715 17:25:56.096"></status>
</kw>
<kw name="And user searches for hello">
<kw name="Press Keys" library="SeleniumLibrary">
<doc>Simulates the user pressing key(s) to an element or on the active browser.</doc>
<arguments>
<arg>xpath://input[@name='q']</arg>
<arg>hello</arg>
</arguments>
<msg timestamp="20200715 17:25:56.096" level="INFO">Sending key(s) ('hello',) to xpath://input[@name='q'] element.</msg>
<msg timestamp="20200715 17:25:56.497" level="INFO">Sending keys hello</msg>
<status status="PASS" starttime="20200715 17:25:56.096" endtime="20200715 17:25:56.572"></status>
</kw>
<kw name="Press Keys" library="SeleniumLibrary">
<doc>Simulates the user pressing key(s) to an element or on the active browser.</doc>
<arguments>
<arg>xpath://input[@name='q']</arg>
<arg>ENTER</arg>
</arguments>
<msg timestamp="20200715 17:25:56.573" level="INFO">Sending key(s) ('ENTER',) to xpath://input[@name='q'] element.</msg>
<msg timestamp="20200715 17:25:56.972" level="INFO">Pressing special key ENTER to element.</msg>
<msg timestamp="20200715 17:25:56.973" level="INFO">Releasing special key ENTER.</msg>
<status status="PASS" starttime="20200715 17:25:56.572" endtime="20200715 17:25:58.386"></status>
</kw>
<status status="PASS" starttime="20200715 17:25:56.096" endtime="20200715 17:25:58.387"></status>
</kw>
<kw name="Then result is hello">
<kw name="Wait Until Page Contains Element" library="SeleniumLibrary">
<doc>Waits until the element ``locator`` appears on the current page.</doc>
<arguments>
<arg>xpath://h3[contains(.,'hello')]</arg>
</arguments>
<status status="PASS" starttime="20200715 17:25:58.390" endtime="20200715 17:25:58.431"></status>
</kw>
<kw name="Close Browser" library="SeleniumLibrary">
<doc>Closes the current browser.</doc>
<status status="PASS" starttime="20200715 17:25:58.431" endtime="20200715 17:26:00.926"></status>
</kw>
<status status="PASS" starttime="20200715 17:25:58.388" endtime="20200715 17:26:00.927"></status>
</kw>
<status status="PASS" starttime="20200715 17:25:48.813" endtime="20200715 17:26:00.928" critical="yes"></status>
</test>
<status status="PASS" starttime="20200715 17:25:47.884" endtime="20200715 17:26:00.931"></status>
</suite>
<statistics>
<total>
<stat pass="1" fail="0">Critical Tests</stat>
<stat pass="1" fail="0">All Tests</stat>
</total>
<tag>
</tag>
<suite>
<stat pass="1" fail="0" id="s1" name="TC 002">TC 002</stat>
</suite>
</statistics>
<errors>
</errors>
</robot>
